[1/12] Performing build step for 'bootloader'
[1/1] cd /home/awe/esp/coba_modbus/build/bootloader/esp-idf/esptool_py && /home/awe/.espressif/python_env/idf5.1_py3.10_env/bin/python /home/awe/esp/esp-idf/components/partition_table/check_sizes.py --offset 0x8000 bootloader 0x1000 /home/awe/esp/coba_modbus/build/bootloader/bootloader.bin
Bootloader binary size 0x66d0 bytes. 0x930 bytes (8%) free.
[2/10] Building C object esp-idf/main/CMakeFiles/__idf_main.dir/main.c.obj
FAILED: esp-idf/main/CMakeFiles/__idf_main.dir/main.c.obj 
/home/awe/.espressif/tools/xtensa-esp32-elf/esp-2022r1-11.2.0/xtensa-esp32-elf/bin/xtensa-esp32-elf-gcc -DESP_PLATFORM -DIDF_VER=\"v5.1-dev-1006-g02605f1a31-dirty\" -DMBEDTLS_CONFIG_FILE=\"mbedtls/esp_config.h\" -DUNITY_INCLUDE_CONFIG_H -D_GNU_SOURCE -D_POSIX_READER_WRITER_LOCKS -I/home/awe/esp/coba_modbus/build/config -I/home/awe/esp/coba_modbus/main -I/home/awe/esp/esp-idf/components/newlib/platform_include -I/home/awe/esp/esp-idf/components/freertos/FreeRTOS-Kernel/include -I/home/awe/esp/esp-idf/components/freertos/esp_additions/include/freertos -I/home/awe/esp/esp-idf/components/freertos/FreeRTOS-Kernel/portable/xtensa/include -I/home/awe/esp/esp-idf/components/freertos/esp_additions/include -I/home/awe/esp/esp-idf/components/esp_hw_support/include -I/home/awe/esp/esp-idf/components/esp_hw_support/include/soc -I/home/awe/esp/esp-idf/components/esp_hw_support/include/soc/esp32 -I/home/awe/esp/esp-idf/components/esp_hw_support/port/esp32/. -I/home/awe/esp/esp-idf/components/esp_hw_support/port/esp32/private_include -I/home/awe/esp/esp-idf/components/heap/include -I/home/awe/esp/esp-idf/components/log/include -I/home/awe/esp/esp-idf/components/soc/include -I/home/awe/esp/esp-idf/components/soc/esp32/. -I/home/awe/esp/esp-idf/components/soc/esp32/include -I/home/awe/esp/esp-idf/components/hal/esp32/include -I/home/awe/esp/esp-idf/components/hal/include -I/home/awe/esp/esp-idf/components/hal/platform_port/include -I/home/awe/esp/esp-idf/components/esp_rom/include -I/home/awe/esp/esp-idf/components/esp_rom/include/esp32 -I/home/awe/esp/esp-idf/components/esp_rom/esp32 -I/home/awe/esp/esp-idf/components/esp_common/include -I/home/awe/esp/esp-idf/components/esp_system/include -I/home/awe/esp/esp-idf/components/esp_system/port/soc -I/home/awe/esp/esp-idf/components/esp_system/port/include/private -I/home/awe/esp/esp-idf/components/xtensa/include -I/home/awe/esp/esp-idf/components/xtensa/esp32/include -I/home/awe/esp/esp-idf/components/lwip/include -I/home/awe/esp/esp-idf/components/lwip/include/apps -I/home/awe/esp/esp-idf/components/lwip/include/apps/sntp -I/home/awe/esp/esp-idf/components/lwip/lwip/src/include -I/home/awe/esp/esp-idf/components/lwip/port/esp32/include -I/home/awe/esp/esp-idf/components/lwip/port/esp32/include/arch -I/home/awe/esp/esp-idf/components/esp_ringbuf/include -I/home/awe/esp/esp-idf/components/efuse/include -I/home/awe/esp/esp-idf/components/efuse/esp32/include -I/home/awe/esp/esp-idf/components/driver/include -I/home/awe/esp/esp-idf/components/driver/deprecated -I/home/awe/esp/esp-idf/components/driver/esp32/include -I/home/awe/esp/esp-idf/components/esp_pm/include -I/home/awe/esp/esp-idf/components/mbedtls/port/include -I/home/awe/esp/esp-idf/components/mbedtls/mbedtls/include -I/home/awe/esp/esp-idf/components/mbedtls/mbedtls/library -I/home/awe/esp/esp-idf/components/mbedtls/esp_crt_bundle/include -I/home/awe/esp/esp-idf/components/esp_app_format/include -I/home/awe/esp/esp-idf/components/bootloader_support/include -I/home/awe/esp/esp-idf/components/bootloader_support/bootloader_flash/include -I/home/awe/esp/esp-idf/components/app_update/include -I/home/awe/esp/esp-idf/components/spi_flash/include -I/home/awe/esp/esp-idf/components/pthread/include -I/home/awe/esp/esp-idf/components/esp_timer/include -I/home/awe/esp/esp-idf/components/app_trace/include -I/home/awe/esp/esp-idf/components/esp_event/include -I/home/awe/esp/esp-idf/components/nvs_flash/include -I/home/awe/esp/esp-idf/components/esp_phy/include -I/home/awe/esp/esp-idf/components/esp_phy/esp32/include -I/home/awe/esp/esp-idf/components/vfs/include -I/home/awe/esp/esp-idf/components/esp_netif/include -I/home/awe/esp/esp-idf/components/wpa_supplicant/include -I/home/awe/esp/esp-idf/components/wpa_supplicant/port/include -I/home/awe/esp/esp-idf/components/wpa_supplicant/esp_supplicant/include -I/home/awe/esp/esp-idf/components/esp_wifi/include -I/home/awe/esp/esp-idf/components/unity/include -I/home/awe/esp/esp-idf/components/unity/unity/src -I/home/awe/esp/esp-idf/components/cmock/CMock/src -I/home/awe/esp/esp-idf/components/console -I/home/awe/esp/esp-idf/components/http_parser -I/home/awe/esp/esp-idf/components/esp-tls -I/home/awe/esp/esp-idf/components/esp-tls/esp-tls-crypto -I/home/awe/esp/esp-idf/components/esp_adc/include -I/home/awe/esp/esp-idf/components/esp_adc/interface -I/home/awe/esp/esp-idf/components/esp_adc/esp32/include -I/home/awe/esp/esp-idf/components/esp_adc/deprecated/include -I/home/awe/esp/esp-idf/components/esp_eth/include -I/home/awe/esp/esp-idf/components/esp_gdbstub/include -I/home/awe/esp/esp-idf/components/esp_gdbstub/xtensa -I/home/awe/esp/esp-idf/components/esp_gdbstub/esp32 -I/home/awe/esp/esp-idf/components/esp_hid/include -I/home/awe/esp/esp-idf/components/tcp_transport/include -I/home/awe/esp/esp-idf/components/esp_http_client/include -I/home/awe/esp/esp-idf/components/esp_http_server/include -I/home/awe/esp/esp-idf/components/esp_https_ota/include -I/home/awe/esp/esp-idf/components/esp_lcd/include -I/home/awe/esp/esp-idf/components/esp_lcd/interface -I/home/awe/esp/esp-idf/components/protobuf-c/protobuf-c -I/home/awe/esp/esp-idf/components/protocomm/include/common -I/home/awe/esp/esp-idf/components/protocomm/include/security -I/home/awe/esp/esp-idf/components/protocomm/include/transports -I/home/awe/esp/esp-idf/components/esp_local_ctrl/include -I/home/awe/esp/esp-idf/components/esp_psram/include -I/home/awe/esp/esp-idf/components/sdmmc/include -I/home/awe/esp/esp-idf/components/esp_serial_slave_link/include -I/home/awe/esp/esp-idf/components/espcoredump/include -I/home/awe/esp/esp-idf/components/espcoredump/include/port/xtensa -I/home/awe/esp/esp-idf/components/wear_levelling/include -I/home/awe/esp/esp-idf/components/fatfs/diskio -I/home/awe/esp/esp-idf/components/fatfs/vfs -I/home/awe/esp/esp-idf/components/fatfs/src -I/home/awe/esp/esp-idf/components/idf_test/include -I/home/awe/esp/esp-idf/components/idf_test/include/esp32 -I/home/awe/esp/esp-idf/components/ieee802154/include -I/home/awe/esp/esp-idf/components/json/cJSON -I/home/awe/esp/esp-idf/components/mqtt/esp-mqtt/include -I/home/awe/esp/esp-idf/components/perfmon/include -I/home/awe/esp/esp-idf/components/spiffs/include -I/home/awe/esp/esp-idf/components/ulp/ulp_common/include -I/home/awe/esp/esp-idf/components/ulp/ulp_common/include/esp32 -I/home/awe/esp/esp-idf/components/wifi_provisioning/include -I/home/awe/esp/coba_modbus/components/rs485/include -mlongcalls -Wno-frame-address  -ffunction-sections -fdata-sections -Wall -Werror=all -Wno-error=unused-function -Wno-error=unused-variable -Wno-error=deprecated-declarations -Wextra -Wno-unused-parameter -Wno-sign-compare -Wno-enum-conversion -gdwarf-4 -ggdb -Og -fmacro-prefix-map=/home/awe/esp/coba_modbus=. -fmacro-prefix-map=/home/awe/esp/esp-idf=/IDF -fstrict-volatile-bitfields -Wno-error=unused-but-set-variable -fno-jump-tables -fno-tree-switch-conversion -DconfigENABLE_FREERTOS_DEBUG_OCDAWARE=1 -std=gnu17 -Wno-old-style-declaration -MD -MT esp-idf/main/CMakeFiles/__idf_main.dir/main.c.obj -MF esp-idf/main/CMakeFiles/__idf_main.dir/main.c.obj.d -o esp-idf/main/CMakeFiles/__idf_main.dir/main.c.obj -c /home/awe/esp/coba_modbus/main/main.c
/home/awe/esp/coba_modbus/main/main.c: In function 'rs485_init':
/home/awe/esp/coba_modbus/main/main.c:29:5: error: implicit declaration of function 'uart_enable_swap'; did you mean 'uart_enable_tx_intr'? [-Werror=implicit-function-declaration]
   29 |     uart_enable_swap();
      |     ^~~~~~~~~~~~~~~~
      |     uart_enable_tx_intr
/home/awe/esp/coba_modbus/main/main.c: In function 'rs485_send':
/home/awe/esp/coba_modbus/main/main.c:35:39: error: 'portTICK_RATE_MS' undeclared (first use in this function); did you mean 'portTICK_PERIOD_MS'?
   35 |     uart_wait_tx_done(UART_NUM, 100 / portTICK_RATE_MS);
      |                                       ^~~~~~~~~~~~~~~~
      |                                       portTICK_PERIOD_MS
/home/awe/esp/coba_modbus/main/main.c:35:39: note: each undeclared identifier is reported only once for each function it appears in
/home/awe/esp/coba_modbus/main/main.c: In function 'rs485_recv':
/home/awe/esp/coba_modbus/main/main.c:40:48: error: 'portTICK_RATE_MS' undeclared (first use in this function); did you mean 'portTICK_PERIOD_MS'?
   40 |     uart_read_bytes(UART_NUM, data, len, 100 / portTICK_RATE_MS);
      |                                                ^~~~~~~~~~~~~~~~
      |                                                portTICK_PERIOD_MS
/home/awe/esp/coba_modbus/main/main.c: In function 'app_main':
/home/awe/esp/coba_modbus/main/main.c:46:62: error: invalid suffix "xHH" on integer constant
   46 |     uint8_t tx_data[] = {0x01, 0x04, 0x00, 0x00, 0x00, 0x0A, 0xHH, 0xLL}; // Replace HH and LL with your actual high and low byte values
      |                                                              ^~~~
/home/awe/esp/coba_modbus/main/main.c:46:68: error: invalid suffix "xLL" on integer constant
   46 |     uint8_t tx_data[] = {0x01, 0x04, 0x00, 0x00, 0x00, 0x0A, 0xHH, 0xLL}; // Replace HH and LL with your actual high and low byte values
      |                                                                    ^~~~
cc1: some warnings being treated as errors
[3/10] Building C object esp-idf/rs485/CMakeFiles/__idf_rs485.dir/src/rs485.c.obj
FAILED: esp-idf/rs485/CMakeFiles/__idf_rs485.dir/src/rs485.c.obj 
/home/awe/.espressif/tools/xtensa-esp32-elf/esp-2022r1-11.2.0/xtensa-esp32-elf/bin/xtensa-esp32-elf-gcc -DESP_PLATFORM -DIDF_VER=\"v5.1-dev-1006-g02605f1a31-dirty\" -D_GNU_SOURCE -D_POSIX_READER_WRITER_LOCKS -I/home/awe/esp/coba_modbus/build/config -I/home/awe/esp/coba_modbus/components/rs485/include -I/home/awe/esp/esp-idf/components/newlib/platform_include -I/home/awe/esp/esp-idf/components/freertos/FreeRTOS-Kernel/include -I/home/awe/esp/esp-idf/components/freertos/esp_additions/include/freertos -I/home/awe/esp/esp-idf/components/freertos/FreeRTOS-Kernel/portable/xtensa/include -I/home/awe/esp/esp-idf/components/freertos/esp_additions/include -I/home/awe/esp/esp-idf/components/esp_hw_support/include -I/home/awe/esp/esp-idf/components/esp_hw_support/include/soc -I/home/awe/esp/esp-idf/components/esp_hw_support/include/soc/esp32 -I/home/awe/esp/esp-idf/components/esp_hw_support/port/esp32/. -I/home/awe/esp/esp-idf/components/esp_hw_support/port/esp32/private_include -I/home/awe/esp/esp-idf/components/heap/include -I/home/awe/esp/esp-idf/components/log/include -I/home/awe/esp/esp-idf/components/soc/include -I/home/awe/esp/esp-idf/components/soc/esp32/. -I/home/awe/esp/esp-idf/components/soc/esp32/include -I/home/awe/esp/esp-idf/components/hal/esp32/include -I/home/awe/esp/esp-idf/components/hal/include -I/home/awe/esp/esp-idf/components/hal/platform_port/include -I/home/awe/esp/esp-idf/components/esp_rom/include -I/home/awe/esp/esp-idf/components/esp_rom/include/esp32 -I/home/awe/esp/esp-idf/components/esp_rom/esp32 -I/home/awe/esp/esp-idf/components/esp_common/include -I/home/awe/esp/esp-idf/components/esp_system/include -I/home/awe/esp/esp-idf/components/esp_system/port/soc -I/home/awe/esp/esp-idf/components/esp_system/port/include/private -I/home/awe/esp/esp-idf/components/xtensa/include -I/home/awe/esp/esp-idf/components/xtensa/esp32/include -I/home/awe/esp/esp-idf/components/lwip/include -I/home/awe/esp/esp-idf/components/lwip/include/apps -I/home/awe/esp/esp-idf/components/lwip/include/apps/sntp -I/home/awe/esp/esp-idf/components/lwip/lwip/src/include -I/home/awe/esp/esp-idf/components/lwip/port/esp32/include -I/home/awe/esp/esp-idf/components/lwip/port/esp32/include/arch -I/home/awe/esp/esp-idf/components/nvs_flash/include -I/home/awe/esp/esp-idf/components/spi_flash/include -I/home/awe/esp/esp-idf/components/driver/include -I/home/awe/esp/esp-idf/components/driver/deprecated -I/home/awe/esp/esp-idf/components/driver/esp32/include -I/home/awe/esp/esp-idf/components/esp_pm/include -I/home/awe/esp/esp-idf/components/esp_ringbuf/include -mlongcalls -Wno-frame-address  -ffunction-sections -fdata-sections -Wall -Werror=all -Wno-error=unused-function -Wno-error=unused-variable -Wno-error=deprecated-declarations -Wextra -Wno-unused-parameter -Wno-sign-compare -Wno-enum-conversion -gdwarf-4 -ggdb -Og -fmacro-prefix-map=/home/awe/esp/coba_modbus=. -fmacro-prefix-map=/home/awe/esp/esp-idf=/IDF -fstrict-volatile-bitfields -Wno-error=unused-but-set-variable -fno-jump-tables -fno-tree-switch-conversion -DconfigENABLE_FREERTOS_DEBUG_OCDAWARE=1 -std=gnu17 -Wno-old-style-declaration -MD -MT esp-idf/rs485/CMakeFiles/__idf_rs485.dir/src/rs485.c.obj -MF esp-idf/rs485/CMakeFiles/__idf_rs485.dir/src/rs485.c.obj.d -o esp-idf/rs485/CMakeFiles/__idf_rs485.dir/src/rs485.c.obj -c /home/awe/esp/coba_modbus/components/rs485/src/rs485.c
In file included from /home/awe/esp/coba_modbus/components/rs485/src/rs485.c:2:
/home/awe/esp/coba_modbus/components/rs485/include/rs485.h:33:34: error: 'CONFIG_ECHO_UART_PORT_NUM' undeclared here (not in a function); did you mean 'CONFIG_CONSOLE_UART_NUM'?
   33 | #define ECHO_UART_PORT          (CONFIG_ECHO_UART_PORT_NUM)
      |                                  ^~~~~~~~~~~~~~~~~~~~~~~~~
/home/awe/esp/coba_modbus/components/rs485/src/rs485.c:8:22: note: in expansion of macro 'ECHO_UART_PORT'
    8 | const int uart_num = ECHO_UART_PORT;
      |                      ^~~~~~~~~~~~~~
/home/awe/esp/coba_modbus/components/rs485/src/rs485.c:31:17: error: initializer element is not constant
   31 | uint8_t* data = (uint8_t*) malloc(BUF_SIZE);
      |                 ^
/home/awe/esp/coba_modbus/components/rs485/src/rs485.c: In function 'echo_config':
/home/awe/esp/coba_modbus/components/rs485/src/rs485.c:19:26: error: 'CONFIG_ECHO_UART_BAUD_RATE' undeclared (first use in this function); did you mean 'CONFIG_CONSOLE_UART_BAUDRATE'?
   19 | #define BAUD_RATE       (CONFIG_ECHO_UART_BAUD_RATE)
      |                          ^~~~~~~~~~~~~~~~~~~~~~~~~~
/home/awe/esp/coba_modbus/components/rs485/src/rs485.c:39:22: note: in expansion of macro 'BAUD_RATE'
   39 |         .baud_rate = BAUD_RATE,
      |                      ^~~~~~~~~
/home/awe/esp/coba_modbus/components/rs485/src/rs485.c:19:26: note: each undeclared identifier is reported only once for each function it appears in
   19 | #define BAUD_RATE       (CONFIG_ECHO_UART_BAUD_RATE)
      |                          ^~~~~~~~~~~~~~~~~~~~~~~~~~
/home/awe/esp/coba_modbus/components/rs485/src/rs485.c:39:22: note: in expansion of macro 'BAUD_RATE'
   39 |         .baud_rate = BAUD_RATE,
      |                      ^~~~~~~~~
In file included from /home/awe/esp/esp-idf/components/esp_hw_support/include/esp_intr_alloc.h:11,
                 from /home/awe/esp/esp-idf/components/esp_hw_support/include/esp_cpu.h:20,
                 from /home/awe/esp/esp-idf/components/esp_hw_support/include/spinlock.h:11,
                 from /home/awe/esp/esp-idf/components/freertos/FreeRTOS-Kernel/portable/xtensa/include/freertos/portmacro.h:74,
                 from /home/awe/esp/esp-idf/components/freertos/FreeRTOS-Kernel/include/freertos/portable.h:58,
                 from /home/awe/esp/esp-idf/components/freertos/FreeRTOS-Kernel/include/freertos/FreeRTOS.h:70,
                 from /home/awe/esp/coba_modbus/components/rs485/include/rs485.h:4,
                 from /home/awe/esp/coba_modbus/components/rs485/src/rs485.c:2:
/home/awe/esp/coba_modbus/components/rs485/src/rs485.c:9:26: error: 'CONFIG_ECHO_UART_TXD' undeclared (first use in this function)
    9 | #define ECHO_TEST_TXD   (CONFIG_ECHO_UART_TXD)
      |                          ^~~~~~~~~~~~~~~~~~~~
/home/awe/esp/esp-idf/components/esp_common/include/esp_err.h:117:30: note: in definition of macro 'ESP_ERROR_CHECK'
  117 |         esp_err_t err_rc_ = (x);                                        \
      |                              ^
/home/awe/esp/coba_modbus/components/rs485/src/rs485.c:61:44: note: in expansion of macro 'ECHO_TEST_TXD'
   61 |     ESP_ERROR_CHECK(uart_set_pin(uart_num, ECHO_TEST_TXD, ECHO_TEST_RXD, ECHO_TXD, ECHO_TEST_RTS, ECHO_TEST_CTS));
      |                                            ^~~~~~~~~~~~~
/home/awe/esp/coba_modbus/components/rs485/src/rs485.c:10:26: error: 'CONFIG_ECHO_UART_RXD' undeclared (first use in this function)
   10 | #define ECHO_TEST_RXD   (CONFIG_ECHO_UART_RXD)
      |                          ^~~~~~~~~~~~~~~~~~~~
/home/awe/esp/esp-idf/components/esp_common/include/esp_err.h:117:30: note: in definition of macro 'ESP_ERROR_CHECK'
  117 |         esp_err_t err_rc_ = (x);                                        \
      |                              ^
/home/awe/esp/coba_modbus/components/rs485/src/rs485.c:61:59: note: in expansion of macro 'ECHO_TEST_RXD'
   61 |     ESP_ERROR_CHECK(uart_set_pin(uart_num, ECHO_TEST_TXD, ECHO_TEST_RXD, ECHO_TXD, ECHO_TEST_RTS, ECHO_TEST_CTS));
      |                                                           ^~~~~~~~~~~~~
/home/awe/esp/coba_modbus/components/rs485/src/rs485.c:61:74: error: 'ECHO_TXD' undeclared (first use in this function); did you mean 'ECHO_TEST_RXD'?
   61 |     ESP_ERROR_CHECK(uart_set_pin(uart_num, ECHO_TEST_TXD, ECHO_TEST_RXD, ECHO_TXD, ECHO_TEST_RTS, ECHO_TEST_CTS));
      |                                                                          ^~~~~~~~
/home/awe/esp/esp-idf/components/esp_common/include/esp_err.h:117:30: note: in definition of macro 'ESP_ERROR_CHECK'
  117 |         esp_err_t err_rc_ = (x);                                        \
      |                              ^
/home/awe/esp/coba_modbus/components/rs485/src/rs485.c:13:26: error: 'CONFIG_ECHO_UART_RTS' undeclared (first use in this function)
   13 | #define ECHO_TEST_RTS   (CONFIG_ECHO_UART_RTS)
      |                          ^~~~~~~~~~~~~~~~~~~~
/home/awe/esp/esp-idf/components/esp_common/include/esp_err.h:117:30: note: in definition of macro 'ESP_ERROR_CHECK'
  117 |         esp_err_t err_rc_ = (x);                                        \
      |                              ^
/home/awe/esp/coba_modbus/components/rs485/src/rs485.c:61:84: note: in expansion of macro 'ECHO_TEST_RTS'
   61 |     ESP_ERROR_CHECK(uart_set_pin(uart_num, ECHO_TEST_TXD, ECHO_TEST_RXD, ECHO_TXD, ECHO_TEST_RTS, ECHO_TEST_CTS));
      |                                                                                    ^~~~~~~~~~~~~
/home/awe/esp/coba_modbus/components/rs485/src/rs485.c:61:21: error: too many arguments to function 'uart_set_pin'
   61 |     ESP_ERROR_CHECK(uart_set_pin(uart_num, ECHO_TEST_TXD, ECHO_TEST_RXD, ECHO_TXD, ECHO_TEST_RTS, ECHO_TEST_CTS));
      |                     ^~~~~~~~~~~~
/home/awe/esp/esp-idf/components/esp_common/include/esp_err.h:117:30: note: in definition of macro 'ESP_ERROR_CHECK'
  117 |         esp_err_t err_rc_ = (x);                                        \
      |                              ^
In file included from /home/awe/esp/coba_modbus/components/rs485/include/rs485.h:8,
                 from /home/awe/esp/coba_modbus/components/rs485/src/rs485.c:2:
/home/awe/esp/esp-idf/components/driver/include/driver/uart.h:397:11: note: declared here
  397 | esp_err_t uart_set_pin(uart_port_t uart_num, int tx_io_num, int rx_io_num, int rts_io_num, int cts_io_num);
      |           ^~~~~~~~~~~~
/home/awe/esp/coba_modbus/components/rs485/src/rs485.c: In function 'echo_main':
/home/awe/esp/coba_modbus/components/rs485/src/rs485.c:86:25: error: pointer targets in passing argument 2 of 'echo_send' differ in signedness [-Werror=pointer-sign]
   86 |     echo_send(uart_num, msg, sizeof(msg));
      |                         ^~~
      |                         |
      |                         uint8_t * {aka unsigned char *}
/home/awe/esp/coba_modbus/components/rs485/src/rs485.c:73:44: note: expected 'const char *' but argument is of type 'uint8_t *' {aka 'unsigned char *'}
   73 | void echo_send(const int port, const char* str, uint8_t length)
      |                                ~~~~~~~~~~~~^~~
cc1: some warnings being treated as errors
ninja: build stopped: subcommand failed.
