[1/11] Performing build step for 'bootloader'
[1/1] cd /home/awe/esp/coba_modbus/build/bootloader/esp-idf/esptool_py && /home/awe/.espressif/python_env/idf5.1_py3.10_env/bin/python /home/awe/esp/esp-idf/components/partition_table/check_sizes.py --offset 0x8000 bootloader 0x1000 /home/awe/esp/coba_modbus/build/bootloader/bootloader.bin
Bootloader binary size 0x66d0 bytes. 0x930 bytes (8%) free.
[2/9] Building C object esp-idf/rs485/CMakeFiles/__idf_rs485.dir/src/rs485.c.obj
FAILED: esp-idf/rs485/CMakeFiles/__idf_rs485.dir/src/rs485.c.obj 
/home/awe/.espressif/tools/xtensa-esp32-elf/esp-2022r1-11.2.0/xtensa-esp32-elf/bin/xtensa-esp32-elf-gcc -DESP_PLATFORM -DIDF_VER=\"v5.1-dev-1006-g02605f1a31-dirty\" -D_GNU_SOURCE -D_POSIX_READER_WRITER_LOCKS -I/home/awe/esp/coba_modbus/build/config -I/home/awe/esp/coba_modbus/components/rs485/include -I/home/awe/esp/esp-idf/components/newlib/platform_include -I/home/awe/esp/esp-idf/components/freertos/FreeRTOS-Kernel/include -I/home/awe/esp/esp-idf/components/freertos/esp_additions/include/freertos -I/home/awe/esp/esp-idf/components/freertos/FreeRTOS-Kernel/portable/xtensa/include -I/home/awe/esp/esp-idf/components/freertos/esp_additions/include -I/home/awe/esp/esp-idf/components/esp_hw_support/include -I/home/awe/esp/esp-idf/components/esp_hw_support/include/soc -I/home/awe/esp/esp-idf/components/esp_hw_support/include/soc/esp32 -I/home/awe/esp/esp-idf/components/esp_hw_support/port/esp32/. -I/home/awe/esp/esp-idf/components/esp_hw_support/port/esp32/private_include -I/home/awe/esp/esp-idf/components/heap/include -I/home/awe/esp/esp-idf/components/log/include -I/home/awe/esp/esp-idf/components/soc/include -I/home/awe/esp/esp-idf/components/soc/esp32/. -I/home/awe/esp/esp-idf/components/soc/esp32/include -I/home/awe/esp/esp-idf/components/hal/esp32/include -I/home/awe/esp/esp-idf/components/hal/include -I/home/awe/esp/esp-idf/components/hal/platform_port/include -I/home/awe/esp/esp-idf/components/esp_rom/include -I/home/awe/esp/esp-idf/components/esp_rom/include/esp32 -I/home/awe/esp/esp-idf/components/esp_rom/esp32 -I/home/awe/esp/esp-idf/components/esp_common/include -I/home/awe/esp/esp-idf/components/esp_system/include -I/home/awe/esp/esp-idf/components/esp_system/port/soc -I/home/awe/esp/esp-idf/components/esp_system/port/include/private -I/home/awe/esp/esp-idf/components/xtensa/include -I/home/awe/esp/esp-idf/components/xtensa/esp32/include -I/home/awe/esp/esp-idf/components/lwip/include -I/home/awe/esp/esp-idf/components/lwip/include/apps -I/home/awe/esp/esp-idf/components/lwip/include/apps/sntp -I/home/awe/esp/esp-idf/components/lwip/lwip/src/include -I/home/awe/esp/esp-idf/components/lwip/port/esp32/include -I/home/awe/esp/esp-idf/components/lwip/port/esp32/include/arch -I/home/awe/esp/esp-idf/components/nvs_flash/include -I/home/awe/esp/esp-idf/components/spi_flash/include -I/home/awe/esp/esp-idf/components/driver/include -I/home/awe/esp/esp-idf/components/driver/deprecated -I/home/awe/esp/esp-idf/components/driver/esp32/include -I/home/awe/esp/esp-idf/components/esp_pm/include -I/home/awe/esp/esp-idf/components/esp_ringbuf/include -mlongcalls -Wno-frame-address  -ffunction-sections -fdata-sections -Wall -Werror=all -Wno-error=unused-function -Wno-error=unused-variable -Wno-error=deprecated-declarations -Wextra -Wno-unused-parameter -Wno-sign-compare -Wno-enum-conversion -gdwarf-4 -ggdb -Og -fmacro-prefix-map=/home/awe/esp/coba_modbus=. -fmacro-prefix-map=/home/awe/esp/esp-idf=/IDF -fstrict-volatile-bitfields -Wno-error=unused-but-set-variable -fno-jump-tables -fno-tree-switch-conversion -DconfigENABLE_FREERTOS_DEBUG_OCDAWARE=1 -std=gnu17 -Wno-old-style-declaration -MD -MT esp-idf/rs485/CMakeFiles/__idf_rs485.dir/src/rs485.c.obj -MF esp-idf/rs485/CMakeFiles/__idf_rs485.dir/src/rs485.c.obj.d -o esp-idf/rs485/CMakeFiles/__idf_rs485.dir/src/rs485.c.obj -c /home/awe/esp/coba_modbus/components/rs485/src/rs485.c
In file included from /home/awe/esp/coba_modbus/components/rs485/src/rs485.c:2:
/home/awe/esp/coba_modbus/components/rs485/src/rs485.c: In function 'uart_config':
/home/awe/esp/coba_modbus/components/rs485/include/rs485.h:33:34: error: 'CONFIG_ECHO_UART_PORT_NUM' undeclared (first use in this function); did you mean 'CONFIG_CONSOLE_UART_NUM'?
   33 | #define ECHO_UART_PORT          (CONFIG_ECHO_UART_PORT_NUM)
      |                                  ^~~~~~~~~~~~~~~~~~~~~~~~~
/home/awe/esp/coba_modbus/components/rs485/src/rs485.c:6:26: note: in expansion of macro 'ECHO_UART_PORT'
    6 |     const int uart_num = ECHO_UART_PORT;
      |                          ^~~~~~~~~~~~~~
/home/awe/esp/coba_modbus/components/rs485/include/rs485.h:33:34: note: each undeclared identifier is reported only once for each function it appears in
   33 | #define ECHO_UART_PORT          (CONFIG_ECHO_UART_PORT_NUM)
      |                                  ^~~~~~~~~~~~~~~~~~~~~~~~~
/home/awe/esp/coba_modbus/components/rs485/src/rs485.c:6:26: note: in expansion of macro 'ECHO_UART_PORT'
    6 |     const int uart_num = ECHO_UART_PORT;
      |                          ^~~~~~~~~~~~~~
/home/awe/esp/coba_modbus/components/rs485/include/rs485.h:27:26: error: 'CONFIG_ECHO_UART_BAUD_RATE' undeclared (first use in this function); did you mean 'CONFIG_CONSOLE_UART_BAUDRATE'?
   27 | #define BAUD_RATE       (CONFIG_ECHO_UART_BAUD_RATE)
      |                          ^~~~~~~~~~~~~~~~~~~~~~~~~~
/home/awe/esp/coba_modbus/components/rs485/src/rs485.c:8:22: note: in expansion of macro 'BAUD_RATE'
    8 |         .baud_rate = BAUD_RATE,
      |                      ^~~~~~~~~
In file included from /home/awe/esp/esp-idf/components/esp_hw_support/include/esp_intr_alloc.h:11,
                 from /home/awe/esp/esp-idf/components/esp_hw_support/include/esp_cpu.h:20,
                 from /home/awe/esp/esp-idf/components/esp_hw_support/include/spinlock.h:11,
                 from /home/awe/esp/esp-idf/components/freertos/FreeRTOS-Kernel/portable/xtensa/include/freertos/portmacro.h:74,
                 from /home/awe/esp/esp-idf/components/freertos/FreeRTOS-Kernel/include/freertos/portable.h:58,
                 from /home/awe/esp/esp-idf/components/freertos/FreeRTOS-Kernel/include/freertos/FreeRTOS.h:70,
                 from /home/awe/esp/coba_modbus/components/rs485/include/rs485.h:4,
                 from /home/awe/esp/coba_modbus/components/rs485/src/rs485.c:2:
/home/awe/esp/coba_modbus/components/rs485/include/rs485.h:17:26: error: 'CONFIG_ECHO_UART_TXD' undeclared (first use in this function)
   17 | #define ECHO_TEST_TXD   (CONFIG_ECHO_UART_TXD)
      |                          ^~~~~~~~~~~~~~~~~~~~
/home/awe/esp/esp-idf/components/esp_common/include/esp_err.h:117:30: note: in definition of macro 'ESP_ERROR_CHECK'
  117 |         esp_err_t err_rc_ = (x);                                        \
      |                              ^
/home/awe/esp/coba_modbus/components/rs485/src/rs485.c:30:44: note: in expansion of macro 'ECHO_TEST_TXD'
   30 |     ESP_ERROR_CHECK(uart_set_pin(uart_num, ECHO_TEST_TXD, ECHO_TEST_RXD, ECHO_TXD, ECHO_TEST_RTS, ECHO_TEST_CTS));
      |                                            ^~~~~~~~~~~~~
/home/awe/esp/coba_modbus/components/rs485/include/rs485.h:18:26: error: 'CONFIG_ECHO_UART_RXD' undeclared (first use in this function)
   18 | #define ECHO_TEST_RXD   (CONFIG_ECHO_UART_RXD)
      |                          ^~~~~~~~~~~~~~~~~~~~
/home/awe/esp/esp-idf/components/esp_common/include/esp_err.h:117:30: note: in definition of macro 'ESP_ERROR_CHECK'
  117 |         esp_err_t err_rc_ = (x);                                        \
      |                              ^
/home/awe/esp/coba_modbus/components/rs485/src/rs485.c:30:59: note: in expansion of macro 'ECHO_TEST_RXD'
   30 |     ESP_ERROR_CHECK(uart_set_pin(uart_num, ECHO_TEST_TXD, ECHO_TEST_RXD, ECHO_TXD, ECHO_TEST_RTS, ECHO_TEST_CTS));
      |                                                           ^~~~~~~~~~~~~
/home/awe/esp/coba_modbus/components/rs485/src/rs485.c:30:74: error: 'ECHO_TXD' undeclared (first use in this function); did you mean 'ECHO_TEST_RXD'?
   30 |     ESP_ERROR_CHECK(uart_set_pin(uart_num, ECHO_TEST_TXD, ECHO_TEST_RXD, ECHO_TXD, ECHO_TEST_RTS, ECHO_TEST_CTS));
      |                                                                          ^~~~~~~~
/home/awe/esp/esp-idf/components/esp_common/include/esp_err.h:117:30: note: in definition of macro 'ESP_ERROR_CHECK'
  117 |         esp_err_t err_rc_ = (x);                                        \
      |                              ^
/home/awe/esp/coba_modbus/components/rs485/include/rs485.h:21:26: error: 'CONFIG_ECHO_UART_RTS' undeclared (first use in this function)
   21 | #define ECHO_TEST_RTS   (CONFIG_ECHO_UART_RTS)
      |                          ^~~~~~~~~~~~~~~~~~~~
/home/awe/esp/esp-idf/components/esp_common/include/esp_err.h:117:30: note: in definition of macro 'ESP_ERROR_CHECK'
  117 |         esp_err_t err_rc_ = (x);                                        \
      |                              ^
/home/awe/esp/coba_modbus/components/rs485/src/rs485.c:30:84: note: in expansion of macro 'ECHO_TEST_RTS'
   30 |     ESP_ERROR_CHECK(uart_set_pin(uart_num, ECHO_TEST_TXD, ECHO_TEST_RXD, ECHO_TXD, ECHO_TEST_RTS, ECHO_TEST_CTS));
      |                                                                                    ^~~~~~~~~~~~~
/home/awe/esp/coba_modbus/components/rs485/src/rs485.c:30:21: error: too many arguments to function 'uart_set_pin'
   30 |     ESP_ERROR_CHECK(uart_set_pin(uart_num, ECHO_TEST_TXD, ECHO_TEST_RXD, ECHO_TXD, ECHO_TEST_RTS, ECHO_TEST_CTS));
      |                     ^~~~~~~~~~~~
/home/awe/esp/esp-idf/components/esp_common/include/esp_err.h:117:30: note: in definition of macro 'ESP_ERROR_CHECK'
  117 |         esp_err_t err_rc_ = (x);                                        \
      |                              ^
In file included from /home/awe/esp/coba_modbus/components/rs485/include/rs485.h:8,
                 from /home/awe/esp/coba_modbus/components/rs485/src/rs485.c:2:
/home/awe/esp/esp-idf/components/driver/include/driver/uart.h:397:11: note: declared here
  397 | esp_err_t uart_set_pin(uart_port_t uart_num, int tx_io_num, int rx_io_num, int rts_io_num, int cts_io_num);
      |           ^~~~~~~~~~~~
/home/awe/esp/coba_modbus/components/rs485/src/rs485.c: In function 'echo_main':
/home/awe/esp/coba_modbus/components/rs485/src/rs485.c:57:26: warning: excess elements in scalar initializer
   57 |     uint8_t msg = {0x01, 0x04, 0x00, 0x00};
      |                          ^~~~
/home/awe/esp/coba_modbus/components/rs485/src/rs485.c:57:26: note: (near initialization for 'msg')
/home/awe/esp/coba_modbus/components/rs485/src/rs485.c:57:32: warning: excess elements in scalar initializer
   57 |     uint8_t msg = {0x01, 0x04, 0x00, 0x00};
      |                                ^~~~
/home/awe/esp/coba_modbus/components/rs485/src/rs485.c:57:32: note: (near initialization for 'msg')
/home/awe/esp/coba_modbus/components/rs485/src/rs485.c:57:38: warning: excess elements in scalar initializer
   57 |     uint8_t msg = {0x01, 0x04, 0x00, 0x00};
      |                                      ^~~~
/home/awe/esp/coba_modbus/components/rs485/src/rs485.c:57:38: note: (near initialization for 'msg')
/home/awe/esp/coba_modbus/components/rs485/src/rs485.c:61:15: error: 'uart_num' undeclared (first use in this function); did you mean 'uart_flush'?
   61 |     echo_send(uart_num, msg, sizeof(msg));
      |               ^~~~~~~~
      |               uart_flush
/home/awe/esp/coba_modbus/components/rs485/src/rs485.c:61:25: warning: passing argument 2 of 'echo_send' makes pointer from integer without a cast [-Wint-conversion]
   61 |     echo_send(uart_num, msg, sizeof(msg));
      |                         ^~~
      |                         |
      |                         uint8_t {aka unsigned char}
/home/awe/esp/coba_modbus/components/rs485/src/rs485.c:42:44: note: expected 'const char *' but argument is of type 'uint8_t' {aka 'unsigned char'}
   42 | void echo_send(const int port, const char* str, uint8_t length)
      |                                ~~~~~~~~~~~~^~~
ninja: build stopped: subcommand failed.
